2020-03-17 17:44:08,663 - tensorflow - WARNING - From D:\Miniconda3\envs\breast_histopathologys\lib\site-packages\tensorflow\python\ops\resource_variable_ops.py:435: colocate_with (from tensorflow.python.framework.ops) is deprecated and will be removed in a future version.
Instructions for updating:
Colocations handled automatically by placer.
2020-03-17 17:44:10,286 - tensorflow - WARNING - From D:\Miniconda3\envs\breast_histopathologys\lib\site-packages\tensorflow\python\ops\math_ops.py:3066: to_int32 (from tensorflow.python.ops.math_ops) is deprecated and will be removed in a future version.
Instructions for updating:
Use tf.cast instead.
2020-03-17 18:01:50,120 - pyswarms.single.global_best - INFO - Optimize for 10 iters with {'w': 0.9, 'c1': 0.3, 'c2': 0.3}
2020-03-17 18:04:24,719 - pyswarms.single.global_best - INFO - Optimize for 10 iters with {'w': 0.9, 'c1': 0.3, 'c2': 0.3}
2020-03-17 18:49:25,607 - pyswarms.single.global_best - INFO - Optimize for 10 iters with {'w': 0.9, 'c1': 0.3, 'c2': 0.3}
2020-03-17 18:49:25,635 - tensorflow - WARNING - From D:\Miniconda3\envs\breast_histopathologys\lib\site-packages\tensorflow\python\ops\resource_variable_ops.py:435: colocate_with (from tensorflow.python.framework.ops) is deprecated and will be removed in a future version.
Instructions for updating:
Colocations handled automatically by placer.
2020-03-17 18:49:26,450 - tensorflow - WARNING - From D:\Miniconda3\envs\breast_histopathologys\lib\site-packages\tensorflow\python\ops\math_ops.py:3066: to_int32 (from tensorflow.python.ops.math_ops) is deprecated and will be removed in a future version.
Instructions for updating:
Use tf.cast instead.
2020-03-17 18:51:57,330 - pyswarms.single.global_best - INFO - Optimize for 2 iters with {'w': 0.9, 'c1': 0.3, 'c2': 0.3}
2020-03-17 18:51:57,357 - tensorflow - WARNING - From D:\Miniconda3\envs\breast_histopathologys\lib\site-packages\tensorflow\python\ops\resource_variable_ops.py:435: colocate_with (from tensorflow.python.framework.ops) is deprecated and will be removed in a future version.
Instructions for updating:
Colocations handled automatically by placer.
2020-03-17 18:51:58,286 - tensorflow - WARNING - From D:\Miniconda3\envs\breast_histopathologys\lib\site-packages\tensorflow\python\ops\math_ops.py:3066: to_int32 (from tensorflow.python.ops.math_ops) is deprecated and will be removed in a future version.
Instructions for updating:
Use tf.cast instead.
2020-03-17 18:53:51,127 - pyswarms.single.global_best - INFO - Optimize for 2 iters with {'w': 0.9, 'c1': 0.3, 'c2': 0.3}
2020-03-17 18:53:51,157 - tensorflow - WARNING - From D:\Miniconda3\envs\breast_histopathologys\lib\site-packages\tensorflow\python\ops\resource_variable_ops.py:435: colocate_with (from tensorflow.python.framework.ops) is deprecated and will be removed in a future version.
Instructions for updating:
Colocations handled automatically by placer.
2020-03-17 18:53:52,015 - tensorflow - WARNING - From D:\Miniconda3\envs\breast_histopathologys\lib\site-packages\tensorflow\python\ops\math_ops.py:3066: to_int32 (from tensorflow.python.ops.math_ops) is deprecated and will be removed in a future version.
Instructions for updating:
Use tf.cast instead.
2020-03-17 18:59:12,977 - pyswarms.single.global_best - INFO - Optimize for 2 iters with {'w': 0.9, 'c1': 0.3, 'c2': 0.3}
2020-03-17 18:59:13,023 - tensorflow - WARNING - From D:\Miniconda3\envs\breast_histopathologys\lib\site-packages\tensorflow\python\ops\resource_variable_ops.py:435: colocate_with (from tensorflow.python.framework.ops) is deprecated and will be removed in a future version.
Instructions for updating:
Colocations handled automatically by placer.
2020-03-17 18:59:14,114 - tensorflow - WARNING - From D:\Miniconda3\envs\breast_histopathologys\lib\site-packages\tensorflow\python\ops\math_ops.py:3066: to_int32 (from tensorflow.python.ops.math_ops) is deprecated and will be removed in a future version.
Instructions for updating:
Use tf.cast instead.
2020-03-17 19:01:42,837 - pyswarms.single.global_best - INFO - Optimize for 2 iters with {'w': 0.9, 'c1': 0.3, 'c2': 0.3}
2020-03-17 19:01:42,994 - tensorflow - WARNING - From D:\Miniconda3\envs\breast_histopathologys\lib\site-packages\tensorflow\python\ops\resource_variable_ops.py:435: colocate_with (from tensorflow.python.framework.ops) is deprecated and will be removed in a future version.
Instructions for updating:
Colocations handled automatically by placer.
2020-03-17 19:02:14,259 - tensorflow - WARNING - From D:\Miniconda3\envs\breast_histopathologys\lib\site-packages\tensorflow\python\ops\math_ops.py:3066: to_int32 (from tensorflow.python.ops.math_ops) is deprecated and will be removed in a future version.
Instructions for updating:
Use tf.cast instead.
2020-03-17 19:06:00,031 - pyswarms.single.global_best - INFO - Optimize for 2 iters with {'w': 0.9, 'c1': 0.3, 'c2': 0.3}
2020-03-17 19:06:00,089 - tensorflow - WARNING - From D:\Miniconda3\envs\breast_histopathologys\lib\site-packages\tensorflow\python\ops\resource_variable_ops.py:435: colocate_with (from tensorflow.python.framework.ops) is deprecated and will be removed in a future version.
Instructions for updating:
Colocations handled automatically by placer.
2020-03-17 19:06:01,944 - tensorflow - WARNING - From D:\Miniconda3\envs\breast_histopathologys\lib\site-packages\tensorflow\python\ops\math_ops.py:3066: to_int32 (from tensorflow.python.ops.math_ops) is deprecated and will be removed in a future version.
Instructions for updating:
Use tf.cast instead.
2020-03-17 19:08:50,650 - pyswarms.single.global_best - INFO - Optimize for 2 iters with {'w': 0.9, 'c1': 0.3, 'c2': 0.3}
2020-03-17 19:08:50,682 - tensorflow - WARNING - From D:\Miniconda3\envs\breast_histopathologys\lib\site-packages\tensorflow\python\ops\resource_variable_ops.py:435: colocate_with (from tensorflow.python.framework.ops) is deprecated and will be removed in a future version.
Instructions for updating:
Colocations handled automatically by placer.
2020-03-17 19:08:51,835 - tensorflow - WARNING - From D:\Miniconda3\envs\breast_histopathologys\lib\site-packages\tensorflow\python\ops\math_ops.py:3066: to_int32 (from tensorflow.python.ops.math_ops) is deprecated and will be removed in a future version.
Instructions for updating:
Use tf.cast instead.
2020-03-17 19:12:44,135 - pyswarms.single.global_best - INFO - Optimization finished | best cost: 3.5789314516129034, best pos: [14.59611396  8.64613589 19.38845418 21.55456604  5.92598829  1.28325299]
2020-03-17 23:40:01,937 - tensorflow - WARNING - From D:\Miniconda3\envs\breast_histopathologys\lib\site-packages\tensorflow\python\ops\resource_variable_ops.py:435: colocate_with (from tensorflow.python.framework.ops) is deprecated and will be removed in a future version.
Instructions for updating:
Colocations handled automatically by placer.
2020-03-17 23:43:28,420 - tensorflow - WARNING - From D:\Miniconda3\envs\breast_histopathologys\lib\site-packages\tensorflow\python\ops\resource_variable_ops.py:435: colocate_with (from tensorflow.python.framework.ops) is deprecated and will be removed in a future version.
Instructions for updating:
Colocations handled automatically by placer.
2020-03-17 23:54:04,422 - tensorflow - WARNING - From D:\Miniconda3\envs\breast_histopathologys\lib\site-packages\tensorflow\python\ops\resource_variable_ops.py:435: colocate_with (from tensorflow.python.framework.ops) is deprecated and will be removed in a future version.
Instructions for updating:
Colocations handled automatically by placer.
2020-03-18 00:09:35,990 - tensorflow - WARNING - From D:\Miniconda3\envs\breast_histopathologys\lib\site-packages\tensorflow\python\ops\resource_variable_ops.py:435: colocate_with (from tensorflow.python.framework.ops) is deprecated and will be removed in a future version.
Instructions for updating:
Colocations handled automatically by placer.
2020-03-18 00:11:04,630 - tensorflow - WARNING - From D:\Miniconda3\envs\breast_histopathologys\lib\site-packages\tensorflow\python\ops\resource_variable_ops.py:435: colocate_with (from tensorflow.python.framework.ops) is deprecated and will be removed in a future version.
Instructions for updating:
Colocations handled automatically by placer.
2020-03-18 00:20:15,369 - tensorflow - WARNING - From D:\Miniconda3\envs\breast_histopathologys\lib\site-packages\tensorflow\python\ops\resource_variable_ops.py:435: colocate_with (from tensorflow.python.framework.ops) is deprecated and will be removed in a future version.
Instructions for updating:
Colocations handled automatically by placer.
2020-03-18 00:20:16,178 - tensorflow - WARNING - From D:\Miniconda3\envs\breast_histopathologys\lib\site-packages\tensorflow\python\ops\math_ops.py:3066: to_int32 (from tensorflow.python.ops.math_ops) is deprecated and will be removed in a future version.
Instructions for updating:
Use tf.cast instead.
2020-03-18 00:26:02,108 - tensorflow - WARNING - From D:\Miniconda3\envs\breast_histopathologys\lib\site-packages\tensorflow\python\ops\resource_variable_ops.py:435: colocate_with (from tensorflow.python.framework.ops) is deprecated and will be removed in a future version.
Instructions for updating:
Colocations handled automatically by placer.
2020-03-18 00:26:03,486 - tensorflow - WARNING - From D:\Miniconda3\envs\breast_histopathologys\lib\site-packages\tensorflow\python\ops\math_ops.py:3066: to_int32 (from tensorflow.python.ops.math_ops) is deprecated and will be removed in a future version.
Instructions for updating:
Use tf.cast instead.
2020-03-18 00:31:25,531 - tensorflow - WARNING - From D:\Miniconda3\envs\breast_histopathologys\lib\site-packages\tensorflow\python\ops\resource_variable_ops.py:435: colocate_with (from tensorflow.python.framework.ops) is deprecated and will be removed in a future version.
Instructions for updating:
Colocations handled automatically by placer.
2020-03-18 00:32:23,097 - tensorflow - WARNING - From D:\Miniconda3\envs\breast_histopathologys\lib\site-packages\tensorflow\python\ops\resource_variable_ops.py:435: colocate_with (from tensorflow.python.framework.ops) is deprecated and will be removed in a future version.
Instructions for updating:
Colocations handled automatically by placer.
2020-03-18 00:38:47,580 - tensorflow - WARNING - From D:\Miniconda3\envs\breast_histopathologys\lib\site-packages\tensorflow\python\ops\resource_variable_ops.py:435: colocate_with (from tensorflow.python.framework.ops) is deprecated and will be removed in a future version.
Instructions for updating:
Colocations handled automatically by placer.
2020-03-18 00:38:48,991 - tensorflow - WARNING - From D:\Miniconda3\envs\breast_histopathologys\lib\site-packages\tensorflow\python\ops\math_ops.py:3066: to_int32 (from tensorflow.python.ops.math_ops) is deprecated and will be removed in a future version.
Instructions for updating:
Use tf.cast instead.
2020-03-18 00:41:07,098 - pyswarms.single.global_best - INFO - Optimize for 2 iters with {'w': 0.9, 'c1': 0.3, 'c2': 0.3}
2020-03-18 00:41:07,125 - tensorflow - WARNING - From D:\Miniconda3\envs\breast_histopathologys\lib\site-packages\tensorflow\python\ops\resource_variable_ops.py:435: colocate_with (from tensorflow.python.framework.ops) is deprecated and will be removed in a future version.
Instructions for updating:
Colocations handled automatically by placer.
2020-03-18 00:41:08,587 - tensorflow - WARNING - From D:\Miniconda3\envs\breast_histopathologys\lib\site-packages\tensorflow\python\ops\math_ops.py:3066: to_int32 (from tensorflow.python.ops.math_ops) is deprecated and will be removed in a future version.
Instructions for updating:
Use tf.cast instead.
2020-03-18 00:45:14,911 - pyswarms.single.global_best - INFO - Optimization finished | best cost: 3.4850000000000003, best pos: [ 3.44116575 26.86333445 23.80437415 48.08150138 11.2506088   1.83561792]
2020-03-18 17:53:15,457 - pyswarms.single.global_best - INFO - Optimize for 2 iters with {'w': 0.9, 'c1': 0.3, 'c2': 0.3}
2020-03-18 17:53:15,764 - tensorflow - WARNING - From D:\Miniconda3\envs\breast_histopathologys\lib\site-packages\tensorflow\python\ops\resource_variable_ops.py:435: colocate_with (from tensorflow.python.framework.ops) is deprecated and will be removed in a future version.
Instructions for updating:
Colocations handled automatically by placer.
2020-03-18 17:53:17,656 - tensorflow - WARNING - From D:\Miniconda3\envs\breast_histopathologys\lib\site-packages\tensorflow\python\ops\math_ops.py:3066: to_int32 (from tensorflow.python.ops.math_ops) is deprecated and will be removed in a future version.
Instructions for updating:
Use tf.cast instead.
2020-03-18 17:56:12,028 - pyswarms.single.global_best - INFO - Optimization finished | best cost: 3.958080290611028, best pos: [ 1.01851368 30.26055508  5.51724507 25.91150936 22.28025376 11.58120126]
2020-03-18 18:10:42,527 - pyswarms.single.global_best - INFO - Optimize for 2 iters with {'w': 0.9, 'c1': 0.3, 'c2': 0.3}
2020-03-18 18:10:42,554 - tensorflow - WARNING - From D:\Miniconda3\envs\breast_histopathologys\lib\site-packages\tensorflow\python\ops\resource_variable_ops.py:435: colocate_with (from tensorflow.python.framework.ops) is deprecated and will be removed in a future version.
Instructions for updating:
Colocations handled automatically by placer.
2020-03-18 18:10:44,003 - tensorflow - WARNING - From D:\Miniconda3\envs\breast_histopathologys\lib\site-packages\tensorflow\python\ops\math_ops.py:3066: to_int32 (from tensorflow.python.ops.math_ops) is deprecated and will be removed in a future version.
Instructions for updating:
Use tf.cast instead.
2020-03-18 18:15:08,887 - pyswarms.single.global_best - INFO - Optimization finished | best cost: 3.5982142857142856, best pos: [11.84036136 30.10145498 49.33927278 15.12184336  2.26502802 13.50958889]
2020-03-18 23:37:02,142 - pyswarms.single.global_best - INFO - Optimize for 2 iters with {'w': 0.9, 'c1': 0.3, 'c2': 0.3}
2020-03-18 23:37:02,168 - tensorflow - WARNING - From D:\Miniconda3\envs\breast_histopathologys\lib\site-packages\tensorflow\python\ops\resource_variable_ops.py:435: colocate_with (from tensorflow.python.framework.ops) is deprecated and will be removed in a future version.
Instructions for updating:
Colocations handled automatically by placer.
2020-03-18 23:37:03,591 - tensorflow - WARNING - From D:\Miniconda3\envs\breast_histopathologys\lib\site-packages\tensorflow\python\ops\math_ops.py:3066: to_int32 (from tensorflow.python.ops.math_ops) is deprecated and will be removed in a future version.
Instructions for updating:
Use tf.cast instead.
2020-03-18 23:39:27,374 - pyswarms.single.global_best - INFO - Optimize for 2 iters with {'w': 0.9, 'c1': 0.3, 'c2': 0.3}
2020-03-18 23:39:27,403 - tensorflow - WARNING - From D:\Miniconda3\envs\breast_histopathologys\lib\site-packages\tensorflow\python\ops\resource_variable_ops.py:435: colocate_with (from tensorflow.python.framework.ops) is deprecated and will be removed in a future version.
Instructions for updating:
Colocations handled automatically by placer.
2020-03-18 23:39:28,910 - tensorflow - WARNING - From D:\Miniconda3\envs\breast_histopathologys\lib\site-packages\tensorflow\python\ops\math_ops.py:3066: to_int32 (from tensorflow.python.ops.math_ops) is deprecated and will be removed in a future version.
Instructions for updating:
Use tf.cast instead.
2020-03-18 23:40:50,268 - pyswarms.single.global_best - INFO - Optimize for 2 iters with {'w': 0.9, 'c1': 0.3, 'c2': 0.3}
2020-03-18 23:40:50,302 - tensorflow - WARNING - From D:\Miniconda3\envs\breast_histopathologys\lib\site-packages\tensorflow\python\ops\resource_variable_ops.py:435: colocate_with (from tensorflow.python.framework.ops) is deprecated and will be removed in a future version.
Instructions for updating:
Colocations handled automatically by placer.
2020-03-18 23:40:51,790 - tensorflow - WARNING - From D:\Miniconda3\envs\breast_histopathologys\lib\site-packages\tensorflow\python\ops\math_ops.py:3066: to_int32 (from tensorflow.python.ops.math_ops) is deprecated and will be removed in a future version.
Instructions for updating:
Use tf.cast instead.
2020-03-18 23:44:54,506 - pyswarms.single.global_best - INFO - Optimization finished | best cost: 3.98771350931677, best pos: [ 4.61606343 15.75026644 18.97040351 55.73789969 22.69717794 13.9258738 ]
2020-03-19 00:13:37,098 - pyswarms.single.global_best - INFO - Optimize for 2 iters with {'w': 0.9, 'c1': 0.3, 'c2': 0.3}
2020-03-19 00:13:37,143 - tensorflow - WARNING - From D:\Miniconda3\envs\breast_histopathologys\lib\site-packages\tensorflow\python\ops\resource_variable_ops.py:435: colocate_with (from tensorflow.python.framework.ops) is deprecated and will be removed in a future version.
Instructions for updating:
Colocations handled automatically by placer.
2020-03-19 00:13:38,799 - tensorflow - WARNING - From D:\Miniconda3\envs\breast_histopathologys\lib\site-packages\tensorflow\python\ops\math_ops.py:3066: to_int32 (from tensorflow.python.ops.math_ops) is deprecated and will be removed in a future version.
Instructions for updating:
Use tf.cast instead.
2020-03-20 15:41:35,611 - tensorflow - WARNING - From D:\Miniconda3\envs\breast_histopathologys\lib\site-packages\tensorflow\python\ops\resource_variable_ops.py:435: colocate_with (from tensorflow.python.framework.ops) is deprecated and will be removed in a future version.
Instructions for updating:
Colocations handled automatically by placer.
2020-03-20 15:41:36,553 - tensorflow - WARNING - From D:\Miniconda3\envs\breast_histopathologys\lib\site-packages\tensorflow\python\ops\math_ops.py:3066: to_int32 (from tensorflow.python.ops.math_ops) is deprecated and will be removed in a future version.
Instructions for updating:
Use tf.cast instead.
2020-03-20 15:45:40,519 - tensorflow - WARNING - From D:\Miniconda3\envs\breast_histopathologys\lib\site-packages\tensorflow\python\ops\resource_variable_ops.py:435: colocate_with (from tensorflow.python.framework.ops) is deprecated and will be removed in a future version.
Instructions for updating:
Colocations handled automatically by placer.
2020-03-20 15:45:40,987 - tensorflow - WARNING - From D:\Miniconda3\envs\breast_histopathologys\lib\site-packages\tensorflow\python\ops\math_ops.py:3066: to_int32 (from tensorflow.python.ops.math_ops) is deprecated and will be removed in a future version.
Instructions for updating:
Use tf.cast instead.
2020-03-20 15:57:10,502 - tensorflow - WARNING - From D:\Miniconda3\envs\breast_histopathologys\lib\site-packages\tensorflow\python\ops\resource_variable_ops.py:435: colocate_with (from tensorflow.python.framework.ops) is deprecated and will be removed in a future version.
Instructions for updating:
Colocations handled automatically by placer.
2020-03-20 15:57:11,050 - tensorflow - WARNING - From D:\Miniconda3\envs\breast_histopathologys\lib\site-packages\tensorflow\python\ops\math_ops.py:3066: to_int32 (from tensorflow.python.ops.math_ops) is deprecated and will be removed in a future version.
Instructions for updating:
Use tf.cast instead.
2020-03-20 16:19:09,796 - tensorflow - WARNING - From D:\Miniconda3\envs\breast_histopathologys\lib\site-packages\tensorflow\python\ops\resource_variable_ops.py:435: colocate_with (from tensorflow.python.framework.ops) is deprecated and will be removed in a future version.
Instructions for updating:
Colocations handled automatically by placer.
2020-03-20 16:19:10,481 - tensorflow - WARNING - From D:\Miniconda3\envs\breast_histopathologys\lib\site-packages\tensorflow\python\ops\math_ops.py:3066: to_int32 (from tensorflow.python.ops.math_ops) is deprecated and will be removed in a future version.
Instructions for updating:
Use tf.cast instead.
2020-03-20 16:22:03,030 - tensorflow - WARNING - From D:\Miniconda3\envs\breast_histopathologys\lib\site-packages\tensorflow\python\ops\resource_variable_ops.py:435: colocate_with (from tensorflow.python.framework.ops) is deprecated and will be removed in a future version.
Instructions for updating:
Colocations handled automatically by placer.
2020-03-20 16:22:04,053 - tensorflow - WARNING - From D:\Miniconda3\envs\breast_histopathologys\lib\site-packages\tensorflow\python\ops\math_ops.py:3066: to_int32 (from tensorflow.python.ops.math_ops) is deprecated and will be removed in a future version.
Instructions for updating:
Use tf.cast instead.
2020-03-20 16:27:01,226 - tensorflow - WARNING - From D:\Miniconda3\envs\breast_histopathologys\lib\site-packages\tensorflow\python\ops\resource_variable_ops.py:435: colocate_with (from tensorflow.python.framework.ops) is deprecated and will be removed in a future version.
Instructions for updating:
Colocations handled automatically by placer.
2020-03-20 16:27:01,746 - tensorflow - WARNING - From D:\Miniconda3\envs\breast_histopathologys\lib\site-packages\tensorflow\python\ops\math_ops.py:3066: to_int32 (from tensorflow.python.ops.math_ops) is deprecated and will be removed in a future version.
Instructions for updating:
Use tf.cast instead.
2020-03-20 16:33:16,099 - tensorflow - WARNING - From D:\Miniconda3\envs\breast_histopathologys\lib\site-packages\tensorflow\python\ops\resource_variable_ops.py:435: colocate_with (from tensorflow.python.framework.ops) is deprecated and will be removed in a future version.
Instructions for updating:
Colocations handled automatically by placer.
2020-03-20 16:33:16,524 - tensorflow - WARNING - From D:\Miniconda3\envs\breast_histopathologys\lib\site-packages\tensorflow\python\ops\math_ops.py:3066: to_int32 (from tensorflow.python.ops.math_ops) is deprecated and will be removed in a future version.
Instructions for updating:
Use tf.cast instead.
2020-03-20 16:41:39,972 - tensorflow - WARNING - From D:\Miniconda3\envs\breast_histopathologys\lib\site-packages\tensorflow\python\ops\resource_variable_ops.py:435: colocate_with (from tensorflow.python.framework.ops) is deprecated and will be removed in a future version.
Instructions for updating:
Colocations handled automatically by placer.
2020-03-20 16:41:40,386 - tensorflow - WARNING - From D:\Miniconda3\envs\breast_histopathologys\lib\site-packages\tensorflow\python\ops\math_ops.py:3066: to_int32 (from tensorflow.python.ops.math_ops) is deprecated and will be removed in a future version.
Instructions for updating:
Use tf.cast instead.
2020-03-20 16:45:05,660 - tensorflow - WARNING - From D:\Miniconda3\envs\breast_histopathologys\lib\site-packages\tensorflow\python\ops\resource_variable_ops.py:435: colocate_with (from tensorflow.python.framework.ops) is deprecated and will be removed in a future version.
Instructions for updating:
Colocations handled automatically by placer.
2020-03-20 16:45:06,210 - tensorflow - WARNING - From D:\Miniconda3\envs\breast_histopathologys\lib\site-packages\tensorflow\python\ops\math_ops.py:3066: to_int32 (from tensorflow.python.ops.math_ops) is deprecated and will be removed in a future version.
Instructions for updating:
Use tf.cast instead.
